<?xml version="1.0" encoding="UTF-8"?>
<!-- Generated by org.testng.reporters.JUnitReportReporter -->
<testsuite hostname="Tamannas-MacBook-Pro.local" failures="0" tests="12" name="com.tutorialsNinja.TestCases.LoginTest" time="57.361" errors="0" timestamp="2024-12-19T11:26:52 EST" skipped="0">
  <testcase classname="com.tutorialsNinja.TestCases.LoginTest" name="verifyLoginWithValidCredentials" time="4.556"/>
  <testcase classname="com.tutorialsNinja.TestCases.LoginTest" name="verifyLoginWithValidCredentials" time="7.074"/>
  <testcase classname="com.tutorialsNinja.TestCases.LoginTest" name="verifyLoginWithValidCredentials" time="4.857"/>
  <testcase classname="com.tutorialsNinja.TestCases.LoginTest" name="verifyLoginWithValidCredentials" time="4.759"/>
  <testcase classname="com.tutorialsNinja.TestCases.LoginTest" name="verifyLoginWithValidCredentials" time="4.525"/>
  <testcase classname="com.tutorialsNinja.TestCases.LoginTest" name="verifyLoginWithValidCredentials" time="4.591"/>
  <testcase classname="com.tutorialsNinja.TestCases.LoginTest" name="verifyLoginWithValidCredentials" time="4.703"/>
  <testcase classname="com.tutorialsNinja.TestCases.LoginTest" name="verifyLoginWithValidCredentials" time="4.920"/>
  <testcase classname="com.tutorialsNinja.TestCases.LoginTest" name="verifyLoginWithValidEmailInvalidPassword" time="4.360"/>
  <testcase classname="com.tutorialsNinja.TestCases.LoginTest" name="verifyLoginWithInvalidEmailValidPassword" time="4.290"/>
  <testcase classname="com.tutorialsNinja.TestCases.LoginTest" name="verifyLoginwithInvalidCredentials" time="4.476"/>
  <testcase classname="com.tutorialsNinja.TestCases.LoginTest" name="verifyLoginwithNoCredentials" time="4.250"/>
</testsuite> <!-- com.tutorialsNinja.TestCases.LoginTest -->
