<?xml version="1.0" encoding="UTF-8"?>
<!-- Generated by org.testng.reporters.JUnitReportReporter -->
<testsuite hostname="Tamannas-MacBook-Pro.local" failures="0" tests="12" name="com.tutorialsNinja.TestCases.RegisterTest" time="60.967" errors="0" timestamp="2024-12-19T11:26:52 EST" skipped="0">
  <testcase classname="com.tutorialsNinja.TestCases.RegisterTest" name="registerWithMandatoryFields" time="5.057"/>
  <testcase classname="com.tutorialsNinja.TestCases.RegisterTest" name="registerWithMandatoryFields" time="5.518"/>
  <testcase classname="com.tutorialsNinja.TestCases.RegisterTest" name="registerWithMandatoryFields" time="4.995"/>
  <testcase classname="com.tutorialsNinja.TestCases.RegisterTest" name="registerWithMandatoryFields" time="6.331"/>
  <testcase classname="com.tutorialsNinja.TestCases.RegisterTest" name="registerWithMandatoryFields" time="4.970"/>
  <testcase classname="com.tutorialsNinja.TestCases.RegisterTest" name="registerWithMandatoryFields" time="5.056"/>
  <testcase classname="com.tutorialsNinja.TestCases.RegisterTest" name="registerWithMandatoryFields" time="5.133"/>
  <testcase classname="com.tutorialsNinja.TestCases.RegisterTest" name="registerWithMandatoryFields" time="4.948"/>
  <testcase classname="com.tutorialsNinja.TestCases.RegisterTest" name="registerWithAllDetails" time="5.039"/>
  <testcase classname="com.tutorialsNinja.TestCases.RegisterTest" name="registerWithExistingEmail" time="4.861"/>
  <testcase classname="com.tutorialsNinja.TestCases.RegisterTest" name="registerWithWrongConfirmPassword" time="4.546"/>
  <testcase classname="com.tutorialsNinja.TestCases.RegisterTest" name="registerWithNoInputs" time="4.513"/>
</testsuite> <!-- com.tutorialsNinja.TestCases.RegisterTest -->
